<?xml version="1.0" encoding="UTF-8"?>
<!-- Generated by org.testng.reporters.JUnitReportReporter -->
<testsuite hostname="DESKTOP-Q6IOT3H" failures="0" tests="1" name="tests.LoginTest" time="10.426" errors="0" timestamp="2024-09-24T00:03:13 IST" skipped="0">
  <testcase classname="tests.LoginTest" name="testValidLogin" time="10.426"/>
  <system-out/>
</testsuite> <!-- tests.LoginTest -->
